<?xml version="1.0" encoding="UTF-8"?>
<testng-results ignored="0" total="1" passed="1" failed="0" skipped="0">
  <reporter-output>
  </reporter-output>
  <suite started-at="2022-08-25T07:50:04 IST" name="Default suite" finished-at="2022-08-25T07:50:28 IST" duration-ms="24834">
    <groups>
      <group name="cucumber">
        <method signature="AbstractTestNGCucumberTests.runScenario(io.cucumber.testng.PickleWrapper, io.cucumber.testng.FeatureWrapper)[pri:0, instance:runner.MyRunner@625732]" name="runScenario" class="io.cucumber.testng.AbstractTestNGCucumberTests"/>
      </group> <!-- cucumber -->
    </groups>
    <test started-at="2022-08-25T07:50:04 IST" name="Default test" finished-at="2022-08-25T07:50:28 IST" duration-ms="24834">
      <class name="runner.MyRunner">
        <test-method is-config="true" signature="setUpClass()[pri:0, instance:runner.MyRunner@625732]" started-at="2022-08-25T07:50:04 IST" name="setUpClass" finished-at="2022-08-25T07:50:04 IST" duration-ms="537" status="PASS">
          <reporter-output>
          </reporter-output>
        </test-method> <!-- setUpClass -->
        <test-method signature="runScenario(io.cucumber.testng.PickleWrapper, io.cucumber.testng.FeatureWrapper)[pri:0, instance:runner.MyRunner@625732]" started-at="2022-08-25T07:50:04 IST" name="runScenario" description="Runs Cucumber Scenarios" data-provider="scenarios" finished-at="2022-08-25T07:50:28 IST" duration-ms="24211" status="PASS">
          <params>
            <param index="0">
              <value>
                <![CDATA["Deletion of Lead"]]>
              </value>
            </param>
            <param index="1">
              <value>
                <![CDATA["Optional[Managing Lead]"]]>
              </value>
            </param>
          </params>
          <reporter-output>
          </reporter-output>
        </test-method> <!-- runScenario -->
        <test-method is-config="true" signature="tearDownClass()[pri:0, instance:runner.MyRunner@625732]" started-at="2022-08-25T07:50:28 IST" name="tearDownClass" finished-at="2022-08-25T07:50:28 IST" duration-ms="33" status="PASS">
          <reporter-output>
          </reporter-output>
        </test-method> <!-- tearDownClass -->
      </class> <!-- runner.MyRunner -->
    </test> <!-- Default test -->
  </suite> <!-- Default suite -->
</testng-results>
