<?xml version="1.0" encoding="UTF-8"?>
<testng-results skipped="0" failed="1" ignored="0" total="1" passed="0">
  <reporter-output>
  </reporter-output>
  <suite name="Rediff Suite" duration-ms="25673" started-at="2022-08-27T08:04:04 IST" finished-at="2022-08-27T08:04:29 IST">
    <groups>
      <group name="cucumber">
        <method signature="AbstractTestNGCucumberTests.runScenario(io.cucumber.testng.PickleWrapper, io.cucumber.testng.FeatureWrapper)[pri:0, instance:runner.MyRunner@43814d18]" name="runScenario" class="io.cucumber.testng.AbstractTestNGCucumberTests"/>
      </group> <!-- cucumber -->
    </groups>
    <test name="Cucumber Runner" duration-ms="25673" started-at="2022-08-27T08:04:04 IST" finished-at="2022-08-27T08:04:29 IST">
      <class name="runner.MyRunner">
        <test-method status="PASS" signature="setUpClass()[pri:0, instance:runner.MyRunner@43814d18]" name="setUpClass" is-config="true" duration-ms="450" started-at="2022-08-27T08:04:04 IST" finished-at="2022-08-27T08:04:04 IST">
          <reporter-output>
          </reporter-output>
        </test-method> <!-- setUpClass -->
        <test-method status="FAIL" signature="runScenario(io.cucumber.testng.PickleWrapper, io.cucumber.testng.FeatureWrapper)[pri:0, instance:runner.MyRunner@43814d18]" name="runScenario" duration-ms="25111" started-at="2022-08-27T08:04:04 IST" description="Runs Cucumber Scenarios" data-provider="scenarios" finished-at="2022-08-27T08:04:29 IST">
          <params>
            <param index="0">
              <value>
                <![CDATA["Deletion of Lead"]]>
              </value>
            </param>
            <param index="1">
              <value>
                <![CDATA["Optional[Managing Lead]"]]>
              </value>
            </param>
          </params>
          <exception class="org.openqa.selenium.ElementClickInterceptedException">
            <message>
              <![CDATA[element click intercepted: Element is not clickable at point (37, 597)
  (Session info: chrome=104.0.5112.102)
Build info: version: '4.1.0', revision: '87802e897b'
System info: host: 'DESKTOP-BKVHFCN', ip: '192.168.137.1', os.name: 'Windows 10', os.arch: 'amd64', os.version: '10.0', java.version: '1.8.0_301'
Driver info: org.openqa.selenium.chrome.ChromeDriver
Command: [117fd334fade7366ab4517ffc00fec8a, clickElement {id=77771a10-565e-4ae9-a5ba-73ffaba3759b}]
Capabilities {acceptInsecureCerts: false, browserName: chrome, browserVersion: 104.0.5112.102, chrome: {chromedriverVersion: 103.0.5060.53 (a1711811edd7..., userDataDir: C:\Users\ABHISH~1\AppData\L...}, goog:chromeOptions: {debuggerAddress: localhost:52515}, javascriptEnabled: true, networkConnectionEnabled: false, pageLoadStrategy: normal, platform: WINDOWS, platformName: WINDOWS, proxy: Proxy(), se:cdp: ws://localhost:52515/devtoo..., se:cdpVersion: 104.0.5112.102, setWindowRect: true, strictFileInteractability: false, timeouts: {implicit: 0, pageLoad: 300000, script: 30000}, unhandledPromptBehavior: dismiss and notify, webauthn:extension:credBlob: true, webauthn:extension:largeBlob: true, webauthn:virtualAuthenticators: true}
Element: [[ChromeDriver: chrome on WINDOWS (117fd334fade7366ab4517ffc00fec8a)] -> xpath: //table[@role='grid']/tbody/tr[6]/td[1]/label/span]
Session ID: 117fd334fade7366ab4517ffc00fec8a]]>
            </message>
            <full-stacktrace>
              <![CDATA[org.openqa.selenium.ElementClickInterceptedException: element click intercepted: Element is not clickable at point (37, 597)
  (Session info: chrome=104.0.5112.102)
Build info: version: '4.1.0', revision: '87802e897b'
System info: host: 'DESKTOP-BKVHFCN', ip: '192.168.137.1', os.name: 'Windows 10', os.arch: 'amd64', os.version: '10.0', java.version: '1.8.0_301'
Driver info: org.openqa.selenium.chrome.ChromeDriver
Command: [117fd334fade7366ab4517ffc00fec8a, clickElement {id=77771a10-565e-4ae9-a5ba-73ffaba3759b}]
Capabilities {acceptInsecureCerts: false, browserName: chrome, browserVersion: 104.0.5112.102, chrome: {chromedriverVersion: 103.0.5060.53 (a1711811edd7..., userDataDir: C:\Users\ABHISH~1\AppData\L...}, goog:chromeOptions: {debuggerAddress: localhost:52515}, javascriptEnabled: true, networkConnectionEnabled: false, pageLoadStrategy: normal, platform: WINDOWS, platformName: WINDOWS, proxy: Proxy(), se:cdp: ws://localhost:52515/devtoo..., se:cdpVersion: 104.0.5112.102, setWindowRect: true, strictFileInteractability: false, timeouts: {implicit: 0, pageLoad: 300000, script: 30000}, unhandledPromptBehavior: dismiss and notify, webauthn:extension:credBlob: true, webauthn:extension:largeBlob: true, webauthn:virtualAuthenticators: true}
Element: [[ChromeDriver: chrome on WINDOWS (117fd334fade7366ab4517ffc00fec8a)] -> xpath: //table[@role='grid']/tbody/tr[6]/td[1]/label/span]
Session ID: 117fd334fade7366ab4517ffc00fec8a
at sun.reflect.NativeConstructorAccessorImpl.newInstance0(Native Method)
at sun.reflect.NativeConstructorAccessorImpl.newInstance(NativeConstructorAccessorImpl.java:62)
at sun.reflect.DelegatingConstructorAccessorImpl.newInstance(DelegatingConstructorAccessorImpl.java:45)
at java.lang.reflect.Constructor.newInstance(Constructor.java:423)
at org.openqa.selenium.remote.codec.w3c.W3CHttpResponseCodec.createException(W3CHttpResponseCodec.java:200)
at org.openqa.selenium.remote.codec.w3c.W3CHttpResponseCodec.decode(W3CHttpResponseCodec.java:133)
at org.openqa.selenium.remote.codec.w3c.W3CHttpResponseCodec.decode(W3CHttpResponseCodec.java:53)
at org.openqa.selenium.remote.HttpCommandExecutor.execute(HttpCommandExecutor.java:184)
at org.openqa.selenium.remote.service.DriverCommandExecutor.invokeExecute(DriverCommandExecutor.java:164)
at org.openqa.selenium.remote.service.DriverCommandExecutor.execute(DriverCommandExecutor.java:139)
at org.openqa.selenium.remote.RemoteWebDriver.execute(RemoteWebDriver.java:559)
at org.openqa.selenium.remote.RemoteWebElement.execute(RemoteWebElement.java:251)
at org.openqa.selenium.remote.RemoteWebElement.click(RemoteWebElement.java:77)
at manager.webdriver.WebdriverManager.deleteLead(WebdriverManager.java:49)
at application.pages.ViewLeadsPage.deleteLead(ViewLeadsPage.java:19)
at leads.LeadManagement.deleteLead(LeadManagement.java:52)
at ✽.I delete the lead(file:///C:/Users/Abhishek%20Puri/workspace/July2022/CucumberZoho/src/test/resources/steps/lead.feature:36)
]]>
            </full-stacktrace>
          </exception> <!-- org.openqa.selenium.ElementClickInterceptedException -->
          <reporter-output>
          </reporter-output>
        </test-method> <!-- runScenario -->
        <test-method status="PASS" signature="tearDownClass()[pri:0, instance:runner.MyRunner@43814d18]" name="tearDownClass" is-config="true" duration-ms="62" started-at="2022-08-27T08:04:29 IST" finished-at="2022-08-27T08:04:29 IST">
          <reporter-output>
          </reporter-output>
        </test-method> <!-- tearDownClass -->
      </class> <!-- runner.MyRunner -->
    </test> <!-- Cucumber Runner -->
  </suite> <!-- Rediff Suite -->
</testng-results>
